#
# There is insufficient memory for the Java Runtime Environment to continue.
# Native memory allocation (malloc) failed to allocate 1048576 bytes. Error detail: AllocateHeap
# Possible reasons:
#   The system is out of physical RAM or swap space
#   This process is running with CompressedOops enabled, and the Java Heap may be blocking the growth of the native heap
# Possible solutions:
#   Reduce memory load on the system
#   Increase physical memory or swap space
#   Check if swap backing store is full
#   Decrease Java heap size (-Xmx/-Xms)
#   Decrease number of Java threads
#   Decrease Java thread stack sizes (-Xss)
#   Set larger code cache with -XX:ReservedCodeCacheSize=
#   JVM is running with Unscaled Compressed Oops mode in which the Java heap is
#     placed in the first 4GB address space. The Java Heap base address is the
#     maximum limit for the native heap growth. Please use -XX:HeapBaseMinAddress
#     to set the Java Heap base and to place the Java Heap above 4GB virtual address.
# This output file may be truncated or incomplete.
#
#  Out of Memory Error (allocation.cpp:44), pid=34652, tid=17780
#
# JRE version:  (21.0.8+9) (build )
# Java VM: OpenJDK 64-Bit Server VM (21.0.8+9-LTS, mixed mode, tiered, compressed oops, compressed class ptrs, parallel gc, windows-amd64)
# No core dump will be written. Minidumps are not enabled by default on client versions of Windows
#

---------------  S U M M A R Y ------------

Command Line: --add-modules=ALL-SYSTEM --add-opens=java.base/java.util=ALL-UNNAMED --add-opens=java.base/java.lang=ALL-UNNAMED --add-opens=java.base/sun.nio.fs=ALL-UNNAMED -Declipse.application=org.eclipse.jdt.ls.core.id1 -Dosgi.bundles.defaultStartLevel=4 -Declipse.product=org.eclipse.jdt.ls.core.product -Djava.import.generatesMetadataFilesAtProjectRoot=false -DDetectVMInstallationsJob.disabled=true -Dfile.encoding=utf8 -XX:+UseParallelGC -XX:GCTimeRatio=4 -XX:AdaptiveSizePolicyWeight=90 -Dsun.zip.disableMemoryMapping=true -Xmx2G -Xms100m -Xlog:disable -javaagent:c:\Users\Dell\.vscode\extensions\redhat.java-1.47.0-win32-x64\lombok\lombok-1.18.39-4050.jar c:\Users\Dell\.vscode\extensions\redhat.java-1.47.0-win32-x64\server\plugins\org.eclipse.equinox.launcher_1.7.100.v20251014-1222.jar -configuration c:\Users\Dell\AppData\Roaming\Code\User\globalStorage\redhat.java\1.47.0\config_ss_win -data c:\Users\Dell\AppData\Roaming\Code\User\workspaceStorage\75190cff4b46b100d2f043f763d57471\redhat.java\ss_ws --pipe=\\.\pipe\lsp-71685f632c3488713d661e069073812f-sock

Host: 13th Gen Intel(R) Core(TM) i7-13650HX, 20 cores, 15G,  Windows 11 , 64 bit Build 22621 (10.0.22621.1928)
Time: Tue Nov 11 00:06:02 2025 SE Asia Standard Time elapsed time: 0.035302 seconds (0d 0h 0m 0s)

---------------  T H R E A D  ---------------

Current thread (0x0000018072ec62b0):  JavaThread "Unknown thread" [_thread_in_vm, id=17780, stack(0x0000004f84c00000,0x0000004f84d00000) (1024K)]

Stack: [0x0000004f84c00000,0x0000004f84d00000]
Native frames: (J=compiled Java code, j=interpreted, Vv=VM code, C=native code)
V  [jvm.dll+0x6d2449]
V  [jvm.dll+0x8ae341]
V  [jvm.dll+0x8b08be]
V  [jvm.dll+0x8b0fa3]
V  [jvm.dll+0x280c96]
V  [jvm.dll+0xc0347]
V  [jvm.dll+0x706372]
V  [jvm.dll+0x7070ac]
V  [jvm.dll+0x6e0f43]
V  [jvm.dll+0x877c7c]
V  [jvm.dll+0x3becec]
V  [jvm.dll+0x8606d8]
V  [jvm.dll+0x4530ee]
V  [jvm.dll+0x454d31]
C  [jli.dll+0x5278]
C  [ucrtbase.dll+0x29363]
C  [KERNEL32.DLL+0x126ad]
C  [ntdll.dll+0x5aa68]


---------------  P R O C E S S  ---------------

Threads class SMR info:
_java_thread_list=0x0000018072f345f0, length=1, elements={
0x0000018072ec62b0
}

Java Threads: ( => current thread )
=>0x0000018072ec62b0 JavaThread "Unknown thread"             [_thread_in_vm, id=17780, stack(0x0000004f84c00000,0x0000004f84d00000) (1024K)]
Total: 1

Other Threads:
  0x000001800f0dc180 WatcherThread "VM Periodic Task Thread"        [id=34724, stack(0x0000004f84e00000,0x0000004f84f00000) (1024K)]
  0x0000018072ee6d70 WorkerThread "GC Thread#0"                     [id=18580, stack(0x0000004f84d00000,0x0000004f84e00000) (1024K)]
Total: 2

Threads with active compile tasks:
Total: 0

VM state: not at safepoint (normal execution)

VM Mutex/Monitor currently owned by a thread: None

Heap address: 0x0000000080000000, size: 2048 MB, Compressed Oops mode: 32-bit

CDS archive(s) not mapped
Compressed class space mapped at: 0x0000000100000000-0x0000000140000000, reserved size: 1073741824
Narrow klass base: 0x0000000000000000, Narrow klass shift: 3, Narrow klass range: 0x140000000

GC Precious Log:
 CardTable entry size: 512
 CPUs: 20 total, 20 available
 Memory: 16068M
 Large Page Support: Disabled
 NUMA Support: Disabled
 Compressed Oops: Enabled (32-bit)
 Alignments: Space 512K, Generation 512K, Heap 2M
 Heap Min Capacity: 100M
 Heap Initial Capacity: 100M
 Heap Max Capacity: 2G
 Pre-touch: Disabled
 Parallel Workers: 15

Heap:
 PSYoungGen      total 29696K, used 512K [0x00000000d5580000, 0x00000000d7680000, 0x0000000100000000)
  eden space 25600K, 2% used [0x00000000d5580000,0x00000000d5600070,0x00000000d6e80000)
  from space 4096K, 0% used [0x00000000d7280000,0x00000000d7280000,0x00000000d7680000)
  to   space 4096K, 0% used [0x00000000d6e80000,0x00000000d6e80000,0x00000000d7280000)
 ParOldGen       total 68608K, used 0K [0x0000000080000000, 0x0000000084300000, 0x00000000d5580000)
  object space 68608K, 0% used [0x0000000080000000,0x0000000080000000,0x0000000084300000)
 Metaspace       used 1396K, committed 1472K, reserved 1114112K
  class space    used 112K, committed 128K, reserved 1048576K

Card table byte_map: [0x00000180728a0000,0x0000018072cb0000] _byte_map_base: 0x00000180724a0000

Marking Bits: (ParMarkBitMap*) 0x00007ffb4c71a340
 Begin Bits: [0x0000018076370000, 0x0000018078370000)
 End Bits:   [0x0000018078370000, 0x000001807a370000)

Polling page: 0x0000018072690000

Metaspace:

Usage:
  Non-class:      1.25 MB used.
      Class:    112.47 KB used.
       Both:      1.36 MB used.

Virtual space:
  Non-class space:       64.00 MB reserved,       1.31 MB (  2%) committed,  1 nodes.
      Class space:        1.00 GB reserved,     128.00 KB ( <1%) committed,  1 nodes.
             Both:        1.06 GB reserved,       1.44 MB ( <1%) committed. 

Chunk freelists:
   Non-Class:  12.00 MB
       Class:  15.75 MB
        Both:  27.75 MB

MaxMetaspaceSize: unlimited
CompressedClassSpaceSize: 1.00 GB
Initial GC threshold: 21.00 MB
Current GC threshold: 17179869184.00 GB
CDS: off
 - commit_granule_bytes: 65536.
 - commit_granule_words: 8192.
 - virtual_space_node_default_size: 8388608.
 - enlarge_chunks_in_place: 1.
 - use_allocation_guard: 0.


Internal statistics:

num_allocs_failed_limit: 0.
num_arena_births: 2.
num_arena_deaths: 0.
num_vsnodes_births: 2.
num_vsnodes_deaths: 0.
num_space_committed: 23.
num_space_uncommitted: 0.
num_chunks_returned_to_freelist: 0.
num_chunks_taken_from_freelist: 3.
num_chunk_merges: 0.
num_chunk_splits: 2.
num_chunks_enlarged: 0.
num_inconsistent_stats: 0.

CodeHeap 'non-profiled nmethods': size=119168Kb used=0Kb max_used=0Kb free=119168Kb
 bounds [0x0000018007ba0000, 0x0000018007e10000, 0x000001800f000000]
CodeHeap 'profiled nmethods': size=119104Kb used=0Kb max_used=0Kb free=119104Kb
 bounds [0x0000018000000000, 0x0000018000270000, 0x0000018007450000]
CodeHeap 'non-nmethods': size=7488Kb used=194Kb max_used=342Kb free=7293Kb
 bounds [0x0000018007450000, 0x00000180076c0000, 0x0000018007ba0000]
CodeCache: size=245760Kb, used=194Kb, max_used=342Kb, free=245565Kb
 total_blobs=70, nmethods=0, adapters=48, full_count=0
Compilation: enabled, stopped_count=0, restarted_count=0

Compilation events (0 events):
No events

GC Heap History (0 events):
No events

Dll operation events (2 events):
Event: 0.006 Loaded shared library c:\Users\Dell\.vscode\extensions\redhat.java-1.47.0-win32-x64\jre\21.0.8-win32-x86_64\bin\java.dll
Event: 0.010 Loaded shared library c:\Users\Dell\.vscode\extensions\redhat.java-1.47.0-win32-x64\jre\21.0.8-win32-x86_64\bin\zip.dll

Deoptimization events (0 events):
No events

Classes loaded (20 events):
Event: 0.032 Loading class java/util/Iterator
Event: 0.032 Loading class java/util/Iterator done
Event: 0.032 Loading class java/lang/reflect/RecordComponent
Event: 0.032 Loading class java/lang/reflect/RecordComponent done
Event: 0.032 Loading class jdk/internal/vm/vector/VectorSupport
Event: 0.032 Loading class jdk/internal/vm/vector/VectorSupport done
Event: 0.032 Loading class jdk/internal/vm/vector/VectorSupport$VectorPayload
Event: 0.033 Loading class jdk/internal/vm/vector/VectorSupport$VectorPayload done
Event: 0.033 Loading class jdk/internal/vm/vector/VectorSupport$Vector
Event: 0.033 Loading class jdk/internal/vm/vector/VectorSupport$Vector done
Event: 0.033 Loading class jdk/internal/vm/vector/VectorSupport$VectorMask
Event: 0.033 Loading class jdk/internal/vm/vector/VectorSupport$VectorMask done
Event: 0.033 Loading class jdk/internal/vm/vector/VectorSupport$VectorShuffle
Event: 0.033 Loading class jdk/internal/vm/vector/VectorSupport$VectorShuffle done
Event: 0.033 Loading class jdk/internal/vm/FillerObject
Event: 0.033 Loading class jdk/internal/vm/FillerObject done
Event: 0.034 Loading class java/lang/NullPointerException
Event: 0.034 Loading class java/lang/NullPointerException done
Event: 0.034 Loading class java/lang/ArithmeticException
Event: 0.034 Loading class java/lang/ArithmeticException done

Classes unloaded (0 events):
No events

Classes redefined (0 events):
No events

Internal exceptions (0 events):
No events

ZGC Phase Switch (0 events):
No events

VM Operations (0 events):
No events

Memory protections (0 events):
No events

Nmethod flushes (0 events):
No events

Events (1 events):
Event: 0.009 Thread 0x0000018072ec62b0 Thread added: 0x0000018072ec62b0


Dynamic libraries:
0x00007ff735940000 - 0x00007ff73594e000 	c:\Users\Dell\.vscode\extensions\redhat.java-1.47.0-win32-x64\jre\21.0.8-win32-x86_64\bin\java.exe
0x00007ffc0fa50000 - 0x00007ffc0fc64000 	C:\Windows\SYSTEM32\ntdll.dll
0x00007ffc0e810000 - 0x00007ffc0e8d2000 	C:\Windows\System32\KERNEL32.DLL
0x00007ffc0d060000 - 0x00007ffc0d403000 	C:\Windows\System32\KERNELBASE.dll
0x00007ffc0ce50000 - 0x00007ffc0cf61000 	C:\Windows\System32\ucrtbase.dll
0x00007ffbf4e40000 - 0x00007ffbf4e5e000 	c:\Users\Dell\.vscode\extensions\redhat.java-1.47.0-win32-x64\jre\21.0.8-win32-x86_64\bin\VCRUNTIME140.dll
0x00007ffbf4ed0000 - 0x00007ffbf4ee8000 	c:\Users\Dell\.vscode\extensions\redhat.java-1.47.0-win32-x64\jre\21.0.8-win32-x86_64\bin\jli.dll
0x00007ffc0ed60000 - 0x00007ffc0ef0a000 	C:\Windows\System32\USER32.dll
0x00007ffc0c1a0000 - 0x00007ffc0c42e000 	C:\Windows\WinSxS\amd64_microsoft.windows.common-controls_6595b64144ccf1df_6.0.22621.1635_none_270f70857386168e\COMCTL32.dll
0x00007ffc0d640000 - 0x00007ffc0d666000 	C:\Windows\System32\win32u.dll
0x00007ffc0f960000 - 0x00007ffc0fa07000 	C:\Windows\System32\msvcrt.dll
0x00007ffc0dc80000 - 0x00007ffc0dca9000 	C:\Windows\System32\GDI32.dll
0x00007ffc0d710000 - 0x00007ffc0d829000 	C:\Windows\System32\gdi32full.dll
0x00007ffc0d670000 - 0x00007ffc0d70a000 	C:\Windows\System32\msvcp_win.dll
0x00007ffc0dcb0000 - 0x00007ffc0dce1000 	C:\Windows\System32\IMM32.DLL
0x00007ffbf74e0000 - 0x00007ffbf74ec000 	c:\Users\Dell\.vscode\extensions\redhat.java-1.47.0-win32-x64\jre\21.0.8-win32-x86_64\bin\vcruntime140_1.dll
0x00007ffbc0990000 - 0x00007ffbc0a1d000 	c:\Users\Dell\.vscode\extensions\redhat.java-1.47.0-win32-x64\jre\21.0.8-win32-x86_64\bin\msvcp140.dll
0x00007ffb4ba60000 - 0x00007ffb4c7f7000 	c:\Users\Dell\.vscode\extensions\redhat.java-1.47.0-win32-x64\jre\21.0.8-win32-x86_64\bin\server\jvm.dll
0x00007ffc0dbd0000 - 0x00007ffc0dc7e000 	C:\Windows\System32\ADVAPI32.dll
0x00007ffc0e6f0000 - 0x00007ffc0e794000 	C:\Windows\System32\sechost.dll
0x00007ffc0dd10000 - 0x00007ffc0de27000 	C:\Windows\System32\RPCRT4.dll
0x00007ffc0e9e0000 - 0x00007ffc0ea51000 	C:\Windows\System32\WS2_32.dll
0x00007ffc0c780000 - 0x00007ffc0c7cd000 	C:\Windows\SYSTEM32\POWRPROF.dll
0x00007ffc01e30000 - 0x00007ffc01e3a000 	C:\Windows\SYSTEM32\VERSION.dll
0x00007ffc09990000 - 0x00007ffc099c4000 	C:\Windows\SYSTEM32\WINMM.dll
0x00007ffc0c600000 - 0x00007ffc0c613000 	C:\Windows\SYSTEM32\UMPDC.dll
0x00007ffc0b850000 - 0x00007ffc0b868000 	C:\Windows\SYSTEM32\kernel.appcore.dll
0x00007ffbf51d0000 - 0x00007ffbf51da000 	c:\Users\Dell\.vscode\extensions\redhat.java-1.47.0-win32-x64\jre\21.0.8-win32-x86_64\bin\jimage.dll
0x00007ffc0c7d0000 - 0x00007ffc0c9fe000 	C:\Windows\SYSTEM32\DBGHELP.DLL
0x00007ffc0d830000 - 0x00007ffc0dbb9000 	C:\Windows\System32\combase.dll
0x00007ffc0f820000 - 0x00007ffc0f8f7000 	C:\Windows\System32\OLEAUT32.dll
0x00007ffc0c620000 - 0x00007ffc0c652000 	C:\Windows\SYSTEM32\dbgcore.DLL
0x00007ffc0cf70000 - 0x00007ffc0cfea000 	C:\Windows\System32\bcryptPrimitives.dll
0x00007ffbf4a70000 - 0x00007ffbf4a7f000 	c:\Users\Dell\.vscode\extensions\redhat.java-1.47.0-win32-x64\jre\21.0.8-win32-x86_64\bin\instrument.dll
0x00007ffbf47f0000 - 0x00007ffbf480f000 	c:\Users\Dell\.vscode\extensions\redhat.java-1.47.0-win32-x64\jre\21.0.8-win32-x86_64\bin\java.dll
0x00007ffbd45d0000 - 0x00007ffbd45e8000 	c:\Users\Dell\.vscode\extensions\redhat.java-1.47.0-win32-x64\jre\21.0.8-win32-x86_64\bin\zip.dll

JVMTI agents:
c:\Users\Dell\.vscode\extensions\redhat.java-1.47.0-win32-x64\lombok\lombok-1.18.39-4050.jar path:none, loaded, not initialized, instrumentlib options:none

dbghelp: loaded successfully - version: 4.0.5 - missing functions: none
symbol engine: initialized successfully - sym options: 0x614 - pdb path: .;c:\Users\Dell\.vscode\extensions\redhat.java-1.47.0-win32-x64\jre\21.0.8-win32-x86_64\bin;C:\Windows\SYSTEM32;C:\Windows\WinSxS\amd64_microsoft.windows.common-controls_6595b64144ccf1df_6.0.22621.1635_none_270f70857386168e;c:\Users\Dell\.vscode\extensions\redhat.java-1.47.0-win32-x64\jre\21.0.8-win32-x86_64\bin\server

VM Arguments:
jvm_args: --add-modules=ALL-SYSTEM --add-opens=java.base/java.util=ALL-UNNAMED --add-opens=java.base/java.lang=ALL-UNNAMED --add-opens=java.base/sun.nio.fs=ALL-UNNAMED -Declipse.application=org.eclipse.jdt.ls.core.id1 -Dosgi.bundles.defaultStartLevel=4 -Declipse.product=org.eclipse.jdt.ls.core.product -Djava.import.generatesMetadataFilesAtProjectRoot=false -DDetectVMInstallationsJob.disabled=true -Dfile.encoding=utf8 -XX:+UseParallelGC -XX:GCTimeRatio=4 -XX:AdaptiveSizePolicyWeight=90 -Dsun.zip.disableMemoryMapping=true -Xmx2G -Xms100m -Xlog:disable -javaagent:c:\Users\Dell\.vscode\extensions\redhat.java-1.47.0-win32-x64\lombok\lombok-1.18.39-4050.jar 
java_command: c:\Users\Dell\.vscode\extensions\redhat.java-1.47.0-win32-x64\server\plugins\org.eclipse.equinox.launcher_1.7.100.v20251014-1222.jar -configuration c:\Users\Dell\AppData\Roaming\Code\User\globalStorage\redhat.java\1.47.0\config_ss_win -data c:\Users\Dell\AppData\Roaming\Code\User\workspaceStorage\75190cff4b46b100d2f043f763d57471\redhat.java\ss_ws --pipe=\\.\pipe\lsp-71685f632c3488713d661e069073812f-sock
java_class_path (initial): c:\Users\Dell\.vscode\extensions\redhat.java-1.47.0-win32-x64\server\plugins\org.eclipse.equinox.launcher_1.7.100.v20251014-1222.jar
Launcher Type: SUN_STANDARD

[Global flags]
    uintx AdaptiveSizePolicyWeight                 = 90                                        {product} {command line}
     intx CICompilerCount                          = 12                                        {product} {ergonomic}
    uintx GCTimeRatio                              = 4                                         {product} {command line}
   size_t InitialHeapSize                          = 104857600                                 {product} {command line}
   size_t MaxHeapSize                              = 2147483648                                {product} {command line}
   size_t MaxNewSize                               = 715653120                                 {product} {ergonomic}
   size_t MinHeapDeltaBytes                        = 524288                                    {product} {ergonomic}
   size_t MinHeapSize                              = 104857600                                 {product} {command line}
   size_t NewSize                                  = 34603008                                  {product} {ergonomic}
    uintx NonNMethodCodeHeapSize                   = 7602480                                {pd product} {ergonomic}
    uintx NonProfiledCodeHeapSize                  = 122027880                              {pd product} {ergonomic}
   size_t OldSize                                  = 70254592                                  {product} {ergonomic}
    uintx ProfiledCodeHeapSize                     = 122027880                              {pd product} {ergonomic}
    uintx ReservedCodeCacheSize                    = 251658240                              {pd product} {ergonomic}
     bool SegmentedCodeCache                       = true                                      {product} {ergonomic}
   size_t SoftMaxHeapSize                          = 2147483648                             {manageable} {ergonomic}
     bool UseCompressedOops                        = true                           {product lp64_product} {ergonomic}
     bool UseLargePagesIndividualAllocation        = false                                  {pd product} {ergonomic}
     bool UseParallelGC                            = true                                      {product} {command line}

Logging:
Log output configuration:
 #0: stdout all=off uptime,level,tags foldmultilines=false
 #1: stderr all=off uptime,level,tags foldmultilines=false

Environment Variables:
PATH=D:\Learning\VMware\bin\;C:\Program Files\Common Files\Oracle\Java\javapath;C:\Program Files (x86)\Common Files\Oracle\Java\java8path;C:\Program Files (x86)\Common Files\Oracle\Java\javapath;C:\Windows\system32;C:\Windows;C:\Windows\System32\Wbem;C:\Windows\System32\WindowsPowerShell\v1.0\;C:\Windows\System32\OpenSSH\;C:\Program Files\dotnet\;C:\Program Files (x86)\NVIDIA Corporation\PhysX\Common;C:\Program Files\NVIDIA Corporation\NVIDIA NvDLISR;C:\Program Files\CMake\bin;C:\Program Files\Git\cmd;C:\Program Files (x86)\Windows Kits\10\Windows Performance Toolkit\;D:\Perl\c\bin;D:\Perl\perl\site\bin;D:\Perl\perl\bin;C:\Program Files\apache-maven-3.9.11\bin;C:\Program Files\nodejs\;C:\Users\Dell\AppData\Local\Pub\Cache\bin;C:\Users\Dell\AppData\Local\Programs\Python\Launcher\;C:\Users\Dell\AppData\Local\Microsoft\WindowsApps;C:\Users\Dell\AppData\Local\Programs\Microsoft VS Code\bin;C:\msys64\ucrt64\bin;C:\Users\Dell\AppData\Local\GitHubDesktop\bin;C:\Flutter\flutter\bin;C:\Users\Dell\AppData\Local\Programs\Python\Python312\;D:\Miktex\miktex\bin\x64\;D:\Perl\perl\bin;C:\Users\Dell\AppData\Roaming\npm
USERNAME=Dell
OS=Windows_NT
PROCESSOR_IDENTIFIER=Intel64 Family 6 Model 183 Stepping 1, GenuineIntel
TMP=C:\Users\Dell\AppData\Local\Temp
TEMP=C:\Users\Dell\AppData\Local\Temp




Periodic native trim disabled

---------------  S Y S T E M  ---------------

OS:
 Windows 11 , 64 bit Build 22621 (10.0.22621.1928)
OS uptime: 18 days 22:20 hours
Hyper-V role detected

CPU: total 20 (initial active 20) (10 cores per cpu, 2 threads per core) family 6 model 183 stepping 1 microcode 0x112, cx8, cmov, fxsr, ht, mmx, 3dnowpref, sse, sse2, sse3, ssse3, sse4.1, sse4.2, popcnt, lzcnt, tsc, tscinvbit, avx, avx2, aes, erms, clmul, bmi1, bmi2, adx, sha, fma, vzeroupper, clflush, clflushopt, clwb, hv, serialize, rdtscp, rdpid, fsrm, f16c, cet_ibt, cet_ss
Processor Information for processor 0
  Max Mhz: 2600, Current Mhz: 2600, Mhz Limit: 2600
Processor Information for processor 1
  Max Mhz: 2600, Current Mhz: 2600, Mhz Limit: 2600
Processor Information for processor 2
  Max Mhz: 2600, Current Mhz: 2600, Mhz Limit: 2600
Processor Information for processor 3
  Max Mhz: 2600, Current Mhz: 2600, Mhz Limit: 2600
Processor Information for processor 4
  Max Mhz: 2600, Current Mhz: 2600, Mhz Limit: 2600
Processor Information for processor 5
  Max Mhz: 2600, Current Mhz: 2600, Mhz Limit: 2600
Processor Information for processor 6
  Max Mhz: 2600, Current Mhz: 2600, Mhz Limit: 2600
Processor Information for processor 7
  Max Mhz: 2600, Current Mhz: 2600, Mhz Limit: 2600
Processor Information for processor 8
  Max Mhz: 2600, Current Mhz: 2600, Mhz Limit: 2600
Processor Information for processor 9
  Max Mhz: 2600, Current Mhz: 2600, Mhz Limit: 2600
Processor Information for processor 10
  Max Mhz: 2600, Current Mhz: 2600, Mhz Limit: 2600
Processor Information for processor 11
  Max Mhz: 2600, Current Mhz: 2600, Mhz Limit: 2600
Processor Information for processor 12
  Max Mhz: 2600, Current Mhz: 1900, Mhz Limit: 1898
Processor Information for processor 13
  Max Mhz: 2600, Current Mhz: 1900, Mhz Limit: 1898
Processor Information for processor 14
  Max Mhz: 2600, Current Mhz: 1900, Mhz Limit: 1898
Processor Information for processor 15
  Max Mhz: 2600, Current Mhz: 1900, Mhz Limit: 1898
Processor Information for processor 16
  Max Mhz: 2600, Current Mhz: 1900, Mhz Limit: 1898
Processor Information for processor 17
  Max Mhz: 2600, Current Mhz: 1900, Mhz Limit: 1898
Processor Information for processor 18
  Max Mhz: 2600, Current Mhz: 1900, Mhz Limit: 1898
Processor Information for processor 19
  Max Mhz: 2600, Current Mhz: 1900, Mhz Limit: 1898

Memory: 4k page, system-wide physical 16068M (899M free)
TotalPageFile size 65220M (AvailPageFile size 0M)
current process WorkingSet (physical memory assigned to process): 17M, peak: 17M
current process commit charge ("private bytes"): 183M, peak: 184M

vm_info: OpenJDK 64-Bit Server VM (21.0.8+9-LTS) for windows-amd64 JRE (21.0.8+9-LTS), built on 2025-07-15T00:00:00Z by "admin" with MS VC++ 17.7 (VS2022)

END.
